[debug] [2018-08-27T03:07:26.410Z] ----------------------------------------------------------------------
[debug] [2018-08-27T03:07:26.412Z] Command:       D:\Software\Nodejs\node.exe C:\Users\Dell\AppData\Roaming\npm\node_modules\firebase-tools\bin\firebase deploy
[debug] [2018-08-27T03:07:26.412Z] CLI Version:   4.0.3
[debug] [2018-08-27T03:07:26.412Z] Platform:      win32
[debug] [2018-08-27T03:07:26.412Z] Node Version:  v8.9.3
[debug] [2018-08-27T03:07:26.413Z] Time:          Sun Aug 26 2018 22:07:26 GMT-0500 (Hora est. Pacífico, Sudamérica)
[debug] [2018-08-27T03:07:26.413Z] ----------------------------------------------------------------------
[debug] 
[debug] [2018-08-27T03:07:26.421Z] > command requires scopes: ["email","openid","https://www.googleapis.com/auth/cloudplatformprojects.readonly","https://www.googleapis.com/auth/firebase","https://www.googleapis.com/auth/cloud-platform"]
[debug] [2018-08-27T03:07:26.421Z] > authorizing via signed-in user
[debug] [2018-08-27T03:07:26.423Z] > refreshing access token with scopes: ["email","https://www.googleapis.com/auth/cloud-platform","https://www.googleapis.com/auth/cloudplatformprojects.readonly","https://www.googleapis.com/auth/firebase","openid"]
[debug] [2018-08-27T03:07:26.423Z] >>> HTTP REQUEST POST https://www.googleapis.com/oauth2/v3/token  
 { refresh_token: '1/Zo4R_4iovsQRNgRF0D--mGZqni3L775HyNisuMFAu1c',
  client_id: '563584335869-fgrhgmd47bqnekij5i8b5pr03ho849e6.apps.googleusercontent.com',
  client_secret: 'j9iVZfS8kkCEFUPaAeJV0sAi',
  grant_type: 'refresh_token',
  scope: 'email https://www.googleapis.com/auth/cloud-platform https://www.googleapis.com/auth/cloudplatformprojects.readonly https://www.googleapis.com/auth/firebase openid' } 
 Sun Aug 26 2018 22:07:26 GMT-0500 (Hora est. Pacífico, Sudamérica)
[debug] [2018-08-27T03:07:26.635Z] <<< HTTP RESPONSE 200
[debug] [2018-08-27T03:07:26.644Z] >>> HTTP REQUEST GET https://admin.firebase.com/v1/projects/julian-manrique  
  
 Sun Aug 26 2018 22:07:26 GMT-0500 (Hora est. Pacífico, Sudamérica)
[debug] [2018-08-27T03:07:27.209Z] <<< HTTP RESPONSE 200
[debug] [2018-08-27T03:07:27.210Z] >>> HTTP REQUEST GET https://admin.firebase.com/v1/database/julian-manrique/tokens  
  
 Sun Aug 26 2018 22:07:27 GMT-0500 (Hora est. Pacífico, Sudamérica)
[debug] [2018-08-27T03:07:27.629Z] <<< HTTP RESPONSE 200
[info] 
